{"level":"info","message":"手动触发新闻收集","recipientEmail":"2047389870@qq.com","timestamp":"2026-01-31 03:51:26:5126"}
{"level":"info","message":"开始每日新闻收集","timestamp":"2026-01-31 03:51:26:5126"}
{"level":"info","message":"开始收集RSS源: 路透社","sourceId":"reuters","timestamp":"2026-01-31 03:51:26:5126"}
{"error":"socket hang up","level":"error","message":"RSS收集失败: 路透社","sourceId":"reuters","timestamp":"2026-01-31 03:51:28:5128"}
{"level":"info","message":"开始收集RSS源: BBC World","sourceId":"bbc-world","timestamp":"2026-01-31 03:51:28:5128"}
{"itemCount":20,"level":"info","message":"RSS源收集完成: BBC World","sourceId":"bbc-world","timestamp":"2026-01-31 03:51:28:5128"}
{"level":"info","message":"开始收集RSS源: 美联社","sourceId":"ap-news","timestamp":"2026-01-31 03:51:28:5128"}
{"error":"Status code 403","level":"error","message":"RSS收集失败: 美联社","sourceId":"ap-news","timestamp":"2026-01-31 03:51:29:5129"}
{"level":"info","message":"开始收集RSS源: TechCrunch","sourceId":"techcrunch","timestamp":"2026-01-31 03:51:29:5129"}
{"itemCount":20,"level":"info","message":"RSS源收集完成: TechCrunch","sourceId":"techcrunch","timestamp":"2026-01-31 03:51:30:5130"}
{"level":"info","message":"开始收集RSS源: The Verge","sourceId":"the-verge","timestamp":"2026-01-31 03:51:30:5130"}
{"itemCount":10,"level":"info","message":"RSS源收集完成: The Verge","sourceId":"the-verge","timestamp":"2026-01-31 03:51:31:5131"}
{"level":"info","message":"开始收集RSS源: 36氪","sourceId":"36kr","timestamp":"2026-01-31 03:51:31:5131"}
{"itemCount":20,"level":"info","message":"RSS源收集完成: 36氪","sourceId":"36kr","timestamp":"2026-01-31 03:51:31:5131"}
{"level":"info","message":"开始收集RSS源: 彭博社","sourceId":"bloomberg","timestamp":"2026-01-31 03:51:31:5131"}
{"itemCount":20,"level":"info","message":"RSS源收集完成: 彭博社","sourceId":"bloomberg","timestamp":"2026-01-31 03:51:32:5132"}
{"level":"info","message":"开始收集RSS源: CNBC","sourceId":"cnbc","timestamp":"2026-01-31 03:51:32:5132"}
{"itemCount":20,"level":"info","message":"RSS源收集完成: CNBC","sourceId":"cnbc","timestamp":"2026-01-31 03:51:33:5133"}
{"level":"info","message":"开始收集RSS源: 财新网","sourceId":"caixin","timestamp":"2026-01-31 03:51:33:5133"}
{"error":"socket hang up","level":"error","message":"RSS收集失败: 财新网","sourceId":"caixin","timestamp":"2026-01-31 03:51:38:5138"}
{"level":"info","message":"开始收集RSS源: Politico","sourceId":"politico","timestamp":"2026-01-31 03:51:38:5138"}
{"error":"Status code 403","level":"error","message":"RSS收集失败: Politico","sourceId":"politico","timestamp":"2026-01-31 03:51:38:5138"}
{"level":"info","message":"开始收集RSS源: 卫报政治","sourceId":"guardian-politics","timestamp":"2026-01-31 03:51:38:5138"}
{"itemCount":20,"level":"info","message":"RSS源收集完成: 卫报政治","sourceId":"guardian-politics","timestamp":"2026-01-31 03:51:38:5138"}
{"level":"info","message":"开始收集RSS源: Variety","sourceId":"variety","timestamp":"2026-01-31 03:51:38:5138"}
{"itemCount":10,"level":"info","message":"RSS源收集完成: Variety","sourceId":"variety","timestamp":"2026-01-31 03:51:42:5142"}
{"level":"info","message":"开始收集RSS源: 滚石杂志","sourceId":"rolling-stone","timestamp":"2026-01-31 03:51:42:5142"}
{"itemCount":10,"level":"info","message":"RSS源收集完成: 滚石杂志","sourceId":"rolling-stone","timestamp":"2026-01-31 03:51:43:5143"}
{"level":"info","message":"开始收集RSS源: ESPN","sourceId":"espn","timestamp":"2026-01-31 03:51:43:5143"}
{"itemCount":20,"level":"info","message":"RSS源收集完成: ESPN","sourceId":"espn","timestamp":"2026-01-31 03:51:45:5145"}
{"level":"info","message":"开始收集RSS源: 体育画报","sourceId":"sports-illustrated","timestamp":"2026-01-31 03:51:45:5145"}
{"error":"Status code 404","level":"error","message":"RSS收集失败: 体育画报","sourceId":"sports-illustrated","timestamp":"2026-01-31 03:51:46:5146"}
{"level":"info","message":"收集到原始新闻: 170 条","timestamp":"2026-01-31 03:51:46:5146"}
{"error":"Cannot convert object to primitive value","level":"error","message":"新闻收集失败","timestamp":"2026-01-31 03:51:46:5146"}
{"error":"Cannot convert object to primitive value","level":"error","message":"手动新闻收集失败","timestamp":"2026-01-31 03:51:46:5146"}
{"level":"info","message":"手动触发新闻收集","recipientEmail":"2047389870@qq.com","timestamp":"2026-01-31 03:51:55:5155"}
{"level":"info","message":"开始每日新闻收集","timestamp":"2026-01-31 03:51:55:5155"}
{"level":"info","message":"开始收集RSS源: 路透社","sourceId":"reuters","timestamp":"2026-01-31 03:51:55:5155"}
{"error":"socket hang up","level":"error","message":"RSS收集失败: 路透社","sourceId":"reuters","timestamp":"2026-01-31 03:51:56:5156"}
{"level":"info","message":"开始收集RSS源: BBC World","sourceId":"bbc-world","timestamp":"2026-01-31 03:51:56:5156"}
{"itemCount":20,"level":"info","message":"RSS源收集完成: BBC World","sourceId":"bbc-world","timestamp":"2026-01-31 03:51:57:5157"}
{"level":"info","message":"开始收集RSS源: 美联社","sourceId":"ap-news","timestamp":"2026-01-31 03:51:57:5157"}
{"error":"Status code 403","level":"error","message":"RSS收集失败: 美联社","sourceId":"ap-news","timestamp":"2026-01-31 03:51:57:5157"}
{"level":"info","message":"开始收集RSS源: TechCrunch","sourceId":"techcrunch","timestamp":"2026-01-31 03:51:57:5157"}
{"itemCount":20,"level":"info","message":"RSS源收集完成: TechCrunch","sourceId":"techcrunch","timestamp":"2026-01-31 03:51:58:5158"}
{"level":"info","message":"开始收集RSS源: The Verge","sourceId":"the-verge","timestamp":"2026-01-31 03:51:58:5158"}
{"itemCount":10,"level":"info","message":"RSS源收集完成: The Verge","sourceId":"the-verge","timestamp":"2026-01-31 03:51:58:5158"}
{"level":"info","message":"开始收集RSS源: 36氪","sourceId":"36kr","timestamp":"2026-01-31 03:51:58:5158"}
{"itemCount":20,"level":"info","message":"RSS源收集完成: 36氪","sourceId":"36kr","timestamp":"2026-01-31 03:51:59:5159"}
{"level":"info","message":"开始收集RSS源: 彭博社","sourceId":"bloomberg","timestamp":"2026-01-31 03:51:59:5159"}
{"error":"Status code 403","level":"error","message":"RSS收集失败: 彭博社","sourceId":"bloomberg","timestamp":"2026-01-31 03:51:59:5159"}
{"level":"info","message":"开始收集RSS源: CNBC","sourceId":"cnbc","timestamp":"2026-01-31 03:51:59:5159"}
{"itemCount":20,"level":"info","message":"RSS源收集完成: CNBC","sourceId":"cnbc","timestamp":"2026-01-31 03:52:00:520"}
{"level":"info","message":"开始收集RSS源: 财新网","sourceId":"caixin","timestamp":"2026-01-31 03:52:00:520"}
{"error":"socket hang up","level":"error","message":"RSS收集失败: 财新网","sourceId":"caixin","timestamp":"2026-01-31 03:52:02:522"}
{"level":"info","message":"开始收集RSS源: Politico","sourceId":"politico","timestamp":"2026-01-31 03:52:02:522"}
{"error":"Status code 403","level":"error","message":"RSS收集失败: Politico","sourceId":"politico","timestamp":"2026-01-31 03:52:02:522"}
{"level":"info","message":"开始收集RSS源: 卫报政治","sourceId":"guardian-politics","timestamp":"2026-01-31 03:52:02:522"}
{"itemCount":20,"level":"info","message":"RSS源收集完成: 卫报政治","sourceId":"guardian-politics","timestamp":"2026-01-31 03:52:02:522"}
{"level":"info","message":"开始收集RSS源: Variety","sourceId":"variety","timestamp":"2026-01-31 03:52:02:522"}
{"itemCount":10,"level":"info","message":"RSS源收集完成: Variety","sourceId":"variety","timestamp":"2026-01-31 03:52:05:525"}
{"level":"info","message":"开始收集RSS源: 滚石杂志","sourceId":"rolling-stone","timestamp":"2026-01-31 03:52:05:525"}
{"itemCount":10,"level":"info","message":"RSS源收集完成: 滚石杂志","sourceId":"rolling-stone","timestamp":"2026-01-31 03:52:06:526"}
{"level":"info","message":"开始收集RSS源: ESPN","sourceId":"espn","timestamp":"2026-01-31 03:52:06:526"}
{"itemCount":20,"level":"info","message":"RSS源收集完成: ESPN","sourceId":"espn","timestamp":"2026-01-31 03:52:07:527"}
{"level":"info","message":"开始收集RSS源: 体育画报","sourceId":"sports-illustrated","timestamp":"2026-01-31 03:52:07:527"}
{"error":"Status code 404","level":"error","message":"RSS收集失败: 体育画报","sourceId":"sports-illustrated","timestamp":"2026-01-31 03:52:07:527"}
{"level":"info","message":"收集到原始新闻: 150 条","timestamp":"2026-01-31 03:52:07:527"}
{"error":"Cannot convert object to primitive value","level":"error","message":"新闻收集失败","timestamp":"2026-01-31 03:52:07:527"}
{"error":"Cannot convert object to primitive value","level":"error","message":"手动新闻收集失败","timestamp":"2026-01-31 03:52:07:527"}
{"level":"info","message":"手动触发新闻收集","recipientEmail":"2047389870@qq.com","timestamp":"2026-01-31 03:54:04:544"}
{"level":"info","message":"测试邮件发送成功","recipientEmail":"2047389870@qq.com","timestamp":"2026-01-31 03:54:06:546"}
{"level":"info","message":"开始测试新闻收集功能","timestamp":"2026-01-31 03:56:23:5623"}
{"level":"info","message":"开始每日新闻收集","timestamp":"2026-01-31 03:56:23:5623"}
{"level":"info","message":"开始收集RSS源: 路透社","sourceId":"reuters","timestamp":"2026-01-31 03:56:23:5623"}
{"error":"socket hang up","level":"error","message":"RSS收集失败: 路透社","sourceId":"reuters","timestamp":"2026-01-31 03:56:25:5625"}
{"level":"info","message":"开始收集RSS源: BBC World","sourceId":"bbc-world","timestamp":"2026-01-31 03:56:25:5625"}
{"itemCount":20,"level":"info","message":"RSS源收集完成: BBC World","sourceId":"bbc-world","timestamp":"2026-01-31 03:56:25:5625"}
{"level":"info","message":"开始收集RSS源: 美联社","sourceId":"ap-news","timestamp":"2026-01-31 03:56:25:5625"}
{"error":"Status code 403","level":"error","message":"RSS收集失败: 美联社","sourceId":"ap-news","timestamp":"2026-01-31 03:56:26:5626"}
{"level":"info","message":"开始收集RSS源: TechCrunch","sourceId":"techcrunch","timestamp":"2026-01-31 03:56:26:5626"}
{"itemCount":20,"level":"info","message":"RSS源收集完成: TechCrunch","sourceId":"techcrunch","timestamp":"2026-01-31 03:56:27:5627"}
{"level":"info","message":"开始收集RSS源: The Verge","sourceId":"the-verge","timestamp":"2026-01-31 03:56:27:5627"}
{"itemCount":10,"level":"info","message":"RSS源收集完成: The Verge","sourceId":"the-verge","timestamp":"2026-01-31 03:56:27:5627"}
{"level":"info","message":"开始收集RSS源: 36氪","sourceId":"36kr","timestamp":"2026-01-31 03:56:27:5627"}
{"itemCount":20,"level":"info","message":"RSS源收集完成: 36氪","sourceId":"36kr","timestamp":"2026-01-31 03:56:28:5628"}
{"level":"info","message":"开始收集RSS源: 彭博社","sourceId":"bloomberg","timestamp":"2026-01-31 03:56:28:5628"}
{"error":"Status code 403","level":"error","message":"RSS收集失败: 彭博社","sourceId":"bloomberg","timestamp":"2026-01-31 03:56:28:5628"}
{"level":"info","message":"开始收集RSS源: CNBC","sourceId":"cnbc","timestamp":"2026-01-31 03:56:28:5628"}
{"itemCount":20,"level":"info","message":"RSS源收集完成: CNBC","sourceId":"cnbc","timestamp":"2026-01-31 03:56:29:5629"}
{"level":"info","message":"开始收集RSS源: 财新网","sourceId":"caixin","timestamp":"2026-01-31 03:56:29:5629"}
{"error":"socket hang up","level":"error","message":"RSS收集失败: 财新网","sourceId":"caixin","timestamp":"2026-01-31 03:56:30:5630"}
{"level":"info","message":"开始收集RSS源: Politico","sourceId":"politico","timestamp":"2026-01-31 03:56:30:5630"}
{"error":"Status code 403","level":"error","message":"RSS收集失败: Politico","sourceId":"politico","timestamp":"2026-01-31 03:56:31:5631"}
{"level":"info","message":"开始收集RSS源: 卫报政治","sourceId":"guardian-politics","timestamp":"2026-01-31 03:56:31:5631"}
{"itemCount":20,"level":"info","message":"RSS源收集完成: 卫报政治","sourceId":"guardian-politics","timestamp":"2026-01-31 03:56:31:5631"}
{"level":"info","message":"开始收集RSS源: Variety","sourceId":"variety","timestamp":"2026-01-31 03:56:31:5631"}
{"itemCount":10,"level":"info","message":"RSS源收集完成: Variety","sourceId":"variety","timestamp":"2026-01-31 03:56:34:5634"}
{"level":"info","message":"开始收集RSS源: 滚石杂志","sourceId":"rolling-stone","timestamp":"2026-01-31 03:56:34:5634"}
{"itemCount":10,"level":"info","message":"RSS源收集完成: 滚石杂志","sourceId":"rolling-stone","timestamp":"2026-01-31 03:56:35:5635"}
{"level":"info","message":"开始收集RSS源: ESPN","sourceId":"espn","timestamp":"2026-01-31 03:56:35:5635"}
{"itemCount":20,"level":"info","message":"RSS源收集完成: ESPN","sourceId":"espn","timestamp":"2026-01-31 03:56:37:5637"}
{"level":"info","message":"开始收集RSS源: 体育画报","sourceId":"sports-illustrated","timestamp":"2026-01-31 03:56:37:5637"}
{"error":"Status code 404","level":"error","message":"RSS收集失败: 体育画报","sourceId":"sports-illustrated","timestamp":"2026-01-31 03:56:37:5637"}
{"level":"info","message":"收集到原始新闻: 150 条","timestamp":"2026-01-31 03:56:37:5637"}
{"error":"Cannot convert object to primitive value","level":"error","message":"新闻收集失败","timestamp":"2026-01-31 03:56:37:5637"}
{"error":"Cannot convert object to primitive value","level":"error","message":"新闻收集测试失败","timestamp":"2026-01-31 03:56:37:5637"}
{"level":"info","message":"开始测试新闻收集功能","timestamp":"2026-01-31 03:56:43:5643"}
{"level":"info","message":"开始每日新闻收集","timestamp":"2026-01-31 03:56:43:5643"}
{"level":"info","message":"开始收集RSS源: 路透社","sourceId":"reuters","timestamp":"2026-01-31 03:56:43:5643"}
{"error":"socket hang up","level":"error","message":"RSS收集失败: 路透社","sourceId":"reuters","timestamp":"2026-01-31 03:56:44:5644"}
{"level":"info","message":"开始收集RSS源: BBC World","sourceId":"bbc-world","timestamp":"2026-01-31 03:56:44:5644"}
{"itemCount":20,"level":"info","message":"RSS源收集完成: BBC World","sourceId":"bbc-world","timestamp":"2026-01-31 03:56:45:5645"}
{"level":"info","message":"开始收集RSS源: 美联社","sourceId":"ap-news","timestamp":"2026-01-31 03:56:45:5645"}
{"error":"Status code 403","level":"error","message":"RSS收集失败: 美联社","sourceId":"ap-news","timestamp":"2026-01-31 03:56:45:5645"}
{"level":"info","message":"开始收集RSS源: TechCrunch","sourceId":"techcrunch","timestamp":"2026-01-31 03:56:45:5645"}
{"error":"read ECONNRESET","level":"error","message":"RSS收集失败: TechCrunch","sourceId":"techcrunch","timestamp":"2026-01-31 03:56:50:5650"}
{"level":"info","message":"开始收集RSS源: The Verge","sourceId":"the-verge","timestamp":"2026-01-31 03:56:50:5650"}
{"itemCount":10,"level":"info","message":"RSS源收集完成: The Verge","sourceId":"the-verge","timestamp":"2026-01-31 03:56:50:5650"}
{"level":"info","message":"开始收集RSS源: 36氪","sourceId":"36kr","timestamp":"2026-01-31 03:56:50:5650"}
{"itemCount":20,"level":"info","message":"RSS源收集完成: 36氪","sourceId":"36kr","timestamp":"2026-01-31 03:56:51:5651"}
{"level":"info","message":"开始收集RSS源: 彭博社","sourceId":"bloomberg","timestamp":"2026-01-31 03:56:51:5651"}
{"error":"Status code 403","level":"error","message":"RSS收集失败: 彭博社","sourceId":"bloomberg","timestamp":"2026-01-31 03:56:51:5651"}
{"level":"info","message":"开始收集RSS源: CNBC","sourceId":"cnbc","timestamp":"2026-01-31 03:56:51:5651"}
{"itemCount":20,"level":"info","message":"RSS源收集完成: CNBC","sourceId":"cnbc","timestamp":"2026-01-31 03:56:52:5652"}
{"level":"info","message":"开始收集RSS源: 财新网","sourceId":"caixin","timestamp":"2026-01-31 03:56:52:5652"}
{"error":"socket hang up","level":"error","message":"RSS收集失败: 财新网","sourceId":"caixin","timestamp":"2026-01-31 03:56:54:5654"}
{"level":"info","message":"开始收集RSS源: Politico","sourceId":"politico","timestamp":"2026-01-31 03:56:54:5654"}
{"error":"Status code 403","level":"error","message":"RSS收集失败: Politico","sourceId":"politico","timestamp":"2026-01-31 03:56:54:5654"}
{"level":"info","message":"开始收集RSS源: 卫报政治","sourceId":"guardian-politics","timestamp":"2026-01-31 03:56:54:5654"}
{"itemCount":20,"level":"info","message":"RSS源收集完成: 卫报政治","sourceId":"guardian-politics","timestamp":"2026-01-31 03:56:55:5655"}
{"level":"info","message":"开始收集RSS源: Variety","sourceId":"variety","timestamp":"2026-01-31 03:56:55:5655"}
{"itemCount":10,"level":"info","message":"RSS源收集完成: Variety","sourceId":"variety","timestamp":"2026-01-31 03:56:55:5655"}
{"level":"info","message":"开始收集RSS源: 滚石杂志","sourceId":"rolling-stone","timestamp":"2026-01-31 03:56:55:5655"}
{"itemCount":10,"level":"info","message":"RSS源收集完成: 滚石杂志","sourceId":"rolling-stone","timestamp":"2026-01-31 03:56:56:5656"}
{"level":"info","message":"开始收集RSS源: ESPN","sourceId":"espn","timestamp":"2026-01-31 03:56:56:5656"}
{"itemCount":20,"level":"info","message":"RSS源收集完成: ESPN","sourceId":"espn","timestamp":"2026-01-31 03:56:57:5657"}
{"level":"info","message":"开始收集RSS源: 体育画报","sourceId":"sports-illustrated","timestamp":"2026-01-31 03:56:57:5657"}
{"error":"Status code 404","level":"error","message":"RSS收集失败: 体育画报","sourceId":"sports-illustrated","timestamp":"2026-01-31 03:56:58:5658"}
{"level":"info","message":"收集到原始新闻: 130 条","timestamp":"2026-01-31 03:56:58:5658"}
{"error":"Cannot convert object to primitive value","level":"error","message":"新闻收集失败","timestamp":"2026-01-31 03:56:58:5658"}
{"error":"Cannot convert object to primitive value","level":"error","message":"新闻收集测试失败","timestamp":"2026-01-31 03:56:58:5658"}
